0	1	mikroCARM.exe -MSF -DBG -pSTM32L152RB -RA -BIN -LHF -DL -SSA -O11111114 -fo32 -N"G:\MY PROJECTS\Stabilizator\STM32_PROJECT\stabilizator.mcpar" -SP"C:\Program Files (x86)\mikroC PRO for ARM\Defs\" -SP"C:\Program Files (x86)\mikroC PRO for ARM\Uses\ST M3\" -SP"G:\MY PROJECTS\Stabilizator\STM32_PROJECT\" -IP"C:\Program Files (x86)\mikroC PRO for ARM\Uses\ST M3\" -IP"G:\MY PROJECTS\Stabilizator\STM32_PROJECT\" "main.c" "timer_func.c" "init_func.c" "adc_func.c" "func.c" "compare_func.c" "lcd_my_func.c" "__Lib_Math.emcl" "__Lib_MathDouble.emcl" "__Lib_Delays.emcl" "__Lib_System_15X.emcl" "__Lib_GPIO_32l1xx_Defs.emcl" "__Lib_GPIO_32l1xx.emcl" "__Lib_CType.emcl" "__Lib_CString.emcl" "__Lib_CMath.emcl" "__Lib_Conversions.emcl" "__Lib_Sprintf.emcl" "__Lib_Sprinti.emcl" "__Lib_ADC_32Lxxx_20ch.emcl" "__Lib_FLASH_32L1xx.emcl"	 
diagnostics: 0	122	Compilation Started	STM32L152RB.c
diagnostics: 21662	123	Compiled Successfully	STM32L152RB.c
diagnostics: 0	122	Compilation Started	__Lib_Delays.c
diagnostics: 118	123	Compiled Successfully	__Lib_Delays.c
hint: 66	1164	Variable 'cycles_div_by_10' has been eliminated by optimizer	__Lib_Delays.c
hint: 87	1164	Variable 'NumberOfCyc' has been eliminated by optimizer	__Lib_Delays.c
hint: 104	1164	Variable 'NumberOfCyc' has been eliminated by optimizer	__Lib_Delays.c
diagnostics: 0	122	Compilation Started	__lib_gpio.h
diagnostics: 602	123	Compiled Successfully	__Lib_GPIO_32l1xx_Defs.c
diagnostics: 0	122	Compilation Started	hider.h
diagnostics: 20	123	Compiled Successfully	main.c
diagnostics: 0	122	Compilation Started	hider.h
hint: 0	1004	interrupt handler (main_timer_func at 0x002C)	timer_func.c
hint: 0	1004	interrupt handler (key_timer_interrupt at 0x002D)	timer_func.c
diagnostics: 128	123	Compiled Successfully	timer_func.c
diagnostics: 0	122	Compilation Started	hider.h
diagnostics: 53	123	Compiled Successfully	init_func.c
diagnostics: 0	122	Compilation Started	hider.h
diagnostics: 164	123	Compiled Successfully	adc_func.c
hint: 35	1164	Variable 'temp' has been eliminated by optimizer	adc_func.c
diagnostics: 0	122	Compilation Started	hider.h
diagnostics: 308	123	Compiled Successfully	func.c
diagnostics: 0	122	Compilation Started	hider.h
diagnostics: 126	123	Compiled Successfully	hider.h
diagnostics: 0	122	Compilation Started	hider.h
warning: 15	1505	Suspicious pointer conversion	lcd_my_func.c
warning: 18	1505	Suspicious pointer conversion	lcd_my_func.c
warning: 26	1505	Suspicious pointer conversion	lcd_my_func.c
warning: 34	1505	Suspicious pointer conversion	lcd_my_func.c
warning: 37	1505	Suspicious pointer conversion	lcd_my_func.c
warning: 40	1505	Suspicious pointer conversion	lcd_my_func.c
diagnostics: 87	123	Compiled Successfully	lcd_my_func.c
hint: 8	1164	Variable 'p1' has been eliminated by optimizer	lcd_my_func.c
diagnostics: 0	127	All files Compiled in 484 ms	 
hint: 0	1144	Used RX: 16 (100%)   Free RX: 0 (0%)	Used RX: 16 (100%)   Free RX: 0 (0%)
hint: 0	1144	Static RAM (bytes): 138   Dynamic RAM (bytes): 16241	Static RAM (bytes): 138   Dynamic RAM (bytes): 16241
hint: 0	1144	Used ROM (bytes): 14094 (11%)  Free ROM (bytes): 116978 (89%)	Used ROM (bytes): 14094 (11%)  Free ROM (bytes): 116978 (89%)
diagnostics: 0	125	Project Linked Successfully	stabilizator.mcpar
diagnostics: 0	128	Linked in 281 ms	 
diagnostics: 0	129	Project 'stabilizator.mcpar' completed: 1342 ms	 
diagnostics: 0	103	Finished successfully: 23 фев 2021, 14:49:19	stabilizator.mcpar
